<?xml version="1.0" encoding="UTF-8"?>
<!-- Generated by org.testng.reporters.JUnitReportReporter -->
<testsuite hostname="Swati" failures="0" tests="1" name="cucumber.TestNGTestRunner" time="10.648" errors="0" timestamp="2024-09-30T11:44:17 IST" skipped="0">
  <testcase classname="cucumber.TestNGTestRunner" name="runScenario" time="10.648"/>
  <system-out/>
</testsuite> <!-- cucumber.TestNGTestRunner -->
